<?xml version="1.0" encoding="UTF-8"?>
<testng-results skipped="0" failed="0" total="1" passed="1">
  <reporter-output>
  </reporter-output>
  <suite name="Surefire suite" duration-ms="21" started-at="2019-04-12T07:30:53Z" finished-at="2019-04-12T07:30:53Z">
    <groups>
    </groups>
    <test name="Surefire test" duration-ms="21" started-at="2019-04-12T07:30:53Z" finished-at="2019-04-12T07:30:53Z">
      <class name="MavenPackage.FirstMavenclass_Test">
        <test-method status="PASS" signature="method()[pri:0, instance:MavenPackage.FirstMavenclass_Test@12cbfa]" name="method" duration-ms="10" started-at="2019-04-12T13:00:53Z" finished-at="2019-04-12T13:00:53Z">
          <reporter-output>
          </reporter-output>
        </test-method> <!-- method -->
      </class> <!-- MavenPackage.FirstMavenclass_Test -->
    </test> <!-- Surefire test -->
  </suite> <!-- Surefire suite -->
</testng-results>
