<?xml version="1.0" encoding="UTF-8"?>
<testng-results skipped="0" failed="0" total="1" passed="1">
  <reporter-output>
  </reporter-output>
  <suite name="Suite" duration-ms="26" started-at="2019-04-04T11:45:14Z" finished-at="2019-04-04T11:45:14Z">
    <groups>
    </groups>
    <test name="Test" duration-ms="26" started-at="2019-04-04T11:45:14Z" finished-at="2019-04-04T11:45:14Z">
      <class name="MavenPackage.FirstMavenclass">
        <test-method status="PASS" signature="method()[pri:0, instance:MavenPackage.FirstMavenclass@17e2f02]" name="method" duration-ms="12" started-at="2019-04-04T17:15:14Z" finished-at="2019-04-04T17:15:14Z">
          <reporter-output>
          </reporter-output>
        </test-method> <!-- method -->
      </class> <!-- MavenPackage.FirstMavenclass -->
    </test> <!-- Test -->
  </suite> <!-- Suite -->
</testng-results>
